# JRE version: OpenJDK Runtime Environment (8.0_302-b07) (build 1.8.0_302-b07)
# Java VM: OpenJDK 64-Bit Server VM GraalVM CE 21.2.0 (25.302-b07-jvmci-21.2-b08 mixed mode linux-amd64 compressed oops)
Heap:
 def new generation   total 157248K, used 27628K [0x00000000e0000000, 0x00000000eaaa0000, 0x00000000eaaa0000)
  eden space 139776K,  17% used [0x00000000e0000000, 0x00000000e17cc8b8, 0x00000000e8880000)
  from space 17472K,  18% used [0x00000000e9990000, 0x00000000e9cbe8d0, 0x00000000eaaa0000)
  to   space 17472K,   0% used [0x00000000e8880000, 0x00000000e8880000, 0x00000000e9990000)
 tenured generation   total 349568K, used 97828K [0x00000000eaaa0000, 0x0000000100000000, 0x0000000100000000)
   the space 349568K,  27% used [0x00000000eaaa0000, 0x00000000f0a29158, 0x00000000f0a29200, 0x0000000100000000)
 Metaspace       used 25091K, capacity 25442K, committed 25600K, reserved 1071104K
  class space    used 2951K, capacity 3063K, committed 3072K, reserved 1048576K
GC Heap History (8 events):
Event: 40.537 GC heap before
{Heap before GC invocations=0 (full 0):
 def new generation   total 157248K, used 139776K [0x00000000e0000000, 0x00000000eaaa0000, 0x00000000eaaa0000)
  eden space 139776K, 100% used [0x00000000e0000000, 0x00000000e8880000, 0x00000000e8880000)
  from space 17472K,   0% used [0x00000000e8880000, 0x00000000e8880000, 0x00000000e9990000)
  to   space 17472K,   0% used [0x00000000e9990000, 0x00000000e9990000, 0x00000000eaaa0000)
 tenured generation   total 349568K, used 0K [0x00000000eaaa0000, 0x0000000100000000, 0x0000000100000000)
   the space 349568K,   0% used [0x00000000eaaa0000, 0x00000000eaaa0000, 0x00000000eaaa0200, 0x0000000100000000)
 Metaspace       used 18789K, capacity 19112K, committed 19456K, reserved 1067008K
  class space    used 2358K, capacity 2462K, committed 2560K, reserved 1048576K
Event: 40.958 GC heap after
Heap after GC invocations=1 (full 0):
 def new generation   total 157248K, used 17472K [0x00000000e0000000, 0x00000000eaaa0000, 0x00000000eaaa0000)
  eden space 139776K,   0% used [0x00000000e0000000, 0x00000000e0000000, 0x00000000e8880000)
  from space 17472K, 100% used [0x00000000e9990000, 0x00000000eaaa0000, 0x00000000eaaa0000)
  to   space 17472K,   0% used [0x00000000e8880000, 0x00000000e8880000, 0x00000000e9990000)
 tenured generation   total 349568K, used 19606K [0x00000000eaaa0000, 0x0000000100000000, 0x0000000100000000)
   the space 349568K,   5% used [0x00000000eaaa0000, 0x00000000ebdc59e8, 0x00000000ebdc5a00, 0x0000000100000000)
 Metaspace       used 18789K, capacity 19112K, committed 19456K, reserved 1067008K
  class space    used 2358K, capacity 2462K, committed 2560K, reserved 1048576K
}
Event: 45.413 GC heap before
{Heap before GC invocations=1 (full 0):
 def new generation   total 157248K, used 157248K [0x00000000e0000000, 0x00000000eaaa0000, 0x00000000eaaa0000)
  eden space 139776K, 100% used [0x00000000e0000000, 0x00000000e8880000, 0x00000000e8880000)
  from space 17472K, 100% used [0x00000000e9990000, 0x00000000eaaa0000, 0x00000000eaaa0000)
  to   space 17472K,   0% used [0x00000000e8880000, 0x00000000e8880000, 0x00000000e9990000)
 tenured generation   total 349568K, used 19606K [0x00000000eaaa0000, 0x0000000100000000, 0x0000000100000000)
   the space 349568K,   5% used [0x00000000eaaa0000, 0x00000000ebdc59e8, 0x00000000ebdc5a00, 0x0000000100000000)
 Metaspace       used 18973K, capacity 19264K, committed 19456K, reserved 1067008K
  class space    used 2361K, capacity 2466K, committed 2560K, reserved 1048576K
Event: 45.766 GC heap after
Heap after GC invocations=2 (full 0):
 def new generation   total 157248K, used 17472K [0x00000000e0000000, 0x00000000eaaa0000, 0x00000000eaaa0000)
  eden space 139776K,   0% used [0x00000000e0000000, 0x00000000e0000000, 0x00000000e8880000)
  from space 17472K, 100% used [0x00000000e8880000, 0x00000000e9990000, 0x00000000e9990000)
  to   space 17472K,   0% used [0x00000000e9990000, 0x00000000e9990000, 0x00000000eaaa0000)
 tenured generation   total 349568K, used 73274K [0x00000000eaaa0000, 0x0000000100000000, 0x0000000100000000)
   the space 349568K,  20% used [0x00000000eaaa0000, 0x00000000ef22e8f8, 0x00000000ef22ea00, 0x0000000100000000)
 Metaspace       used 18973K, capacity 19264K, committed 19456K, reserved 1067008K
  class space    used 2361K, capacity 2466K, committed 2560K, reserved 1048576K
}
Event: 47.750 GC heap before
{Heap before GC invocations=2 (full 0):
 def new generation   total 157248K, used 41839K [0x00000000e0000000, 0x00000000eaaa0000, 0x00000000eaaa0000)
  eden space 139776K,  17% used [0x00000000e0000000, 0x00000000e17cbfb0, 0x00000000e8880000)
  from space 17472K, 100% used [0x00000000e8880000, 0x00000000e9990000, 0x00000000e9990000)
  to   space 17472K,   0% used [0x00000000e9990000, 0x00000000e9990000, 0x00000000eaaa0000)
 tenured generation   total 349568K, used 73274K [0x00000000eaaa0000, 0x0000000100000000, 0x0000000100000000)
   the space 349568K,  20% used [0x00000000eaaa0000, 0x00000000ef22e8f8, 0x00000000ef22ea00, 0x0000000100000000)
 Metaspace       used 20792K, capacity 21104K, committed 21296K, reserved 1069056K
  class space    used 2557K, capacity 2667K, committed 2688K, reserved 1048576K
Event: 48.178 GC heap after
Heap after GC invocations=3 (full 1):
 def new generation   total 157248K, used 0K [0x00000000e0000000, 0x00000000eaaa0000, 0x00000000eaaa0000)
  eden space 139776K,   0% used [0x00000000e0000000, 0x00000000e0000000, 0x00000000e8880000)
  from space 17472K,   0% used [0x00000000e8880000, 0x00000000e8880000, 0x00000000e9990000)
  to   space 17472K,   0% used [0x00000000e9990000, 0x00000000e9990000, 0x00000000eaaa0000)
 tenured generation   total 349568K, used 97828K [0x00000000eaaa0000, 0x0000000100000000, 0x0000000100000000)
   the space 349568K,  27% used [0x00000000eaaa0000, 0x00000000f0a29158, 0x00000000f0a29200, 0x0000000100000000)
 Metaspace       used 20792K, capacity 21104K, committed 21296K, reserved 1069056K
  class space    used 2557K, capacity 2667K, committed 2688K, reserved 1048576K
}
Event: 1853.049 GC heap before
{Heap before GC invocations=3 (full 1):
 def new generation   total 157248K, used 139776K [0x00000000e0000000, 0x00000000eaaa0000, 0x00000000eaaa0000)
  eden space 139776K, 100% used [0x00000000e0000000, 0x00000000e8880000, 0x00000000e8880000)
  from space 17472K,   0% used [0x00000000e8880000, 0x00000000e8880000, 0x00000000e9990000)
  to   space 17472K,   0% used [0x00000000e9990000, 0x00000000e9990000, 0x00000000eaaa0000)
 tenured generation   total 349568K, used 97828K [0x00000000eaaa0000, 0x0000000100000000, 0x0000000100000000)
   the space 349568K,  27% used [0x00000000eaaa0000, 0x00000000f0a29158, 0x00000000f0a29200, 0x0000000100000000)
 Metaspace       used 25080K, capacity 25442K, committed 25600K, reserved 1071104K
  class space    used 2951K, capacity 3063K, committed 3072K, reserved 1048576K
Event: 1853.068 GC heap after
Heap after GC invocations=4 (full 1):
 def new generation   total 157248K, used 3258K [0x00000000e0000000, 0x00000000eaaa0000, 0x00000000eaaa0000)
  eden space 139776K,   0% used [0x00000000e0000000, 0x00000000e0000000, 0x00000000e8880000)
  from space 17472K,  18% used [0x00000000e9990000, 0x00000000e9cbe8d0, 0x00000000eaaa0000)
  to   space 17472K,   0% used [0x00000000e8880000, 0x00000000e8880000, 0x00000000e9990000)
 tenured generation   total 349568K, used 97828K [0x00000000eaaa0000, 0x0000000100000000, 0x0000000100000000)
   the space 349568K,  27% used [0x00000000eaaa0000, 0x00000000f0a29158, 0x00000000f0a29200, 0x0000000100000000)
 Metaspace       used 25080K, capacity 25442K, committed 25600K, reserved 1071104K
  class space    used 2951K, capacity 3063K, committed 3072K, reserved 1048576K
}

