# JRE version: OpenJDK Runtime Environment (8.0_302-b07) (build 1.8.0_302-b07)
# Java VM: OpenJDK 64-Bit Server VM GraalVM CE 21.2.0 (25.302-b07-jvmci-21.2-b08 mixed mode linux-amd64 compressed oops)
Heap:
 PSYoungGen      total 9728K, used 7563K [0x00000000ff580000, 0x0000000100000000, 0x0000000100000000)
  eden space 8704K, 75% used [0x00000000ff580000,0x00000000ffbe2e58,0x00000000ffe00000)
  from space 1024K, 100% used [0x00000000fff00000,0x0000000100000000,0x0000000100000000)
  to   space 1024K, 0% used [0x00000000ffe00000,0x00000000ffe00000,0x00000000fff00000)
 ParOldGen       total 22016K, used 6916K [0x00000000fe000000, 0x00000000ff580000, 0x00000000ff580000)
  object space 22016K, 31% used [0x00000000fe000000,0x00000000fe6c13d8,0x00000000ff580000)
 Metaspace       used 18700K, capacity 19008K, committed 19200K, reserved 1067008K
  class space    used 2143K, capacity 2280K, committed 2304K, reserved 1048576K
GC Heap History (8 events):
Event: 5.916 GC heap before
{Heap before GC invocations=1 (full 0):
 PSYoungGen      total 9728K, used 8704K [0x00000000ff580000, 0x0000000100000000, 0x0000000100000000)
  eden space 8704K, 100% used [0x00000000ff580000,0x00000000ffe00000,0x00000000ffe00000)
  from space 1024K, 0% used [0x00000000fff00000,0x00000000fff00000,0x0000000100000000)
  to   space 1024K, 0% used [0x00000000ffe00000,0x00000000ffe00000,0x00000000fff00000)
 ParOldGen       total 22016K, used 0K [0x00000000fe000000, 0x00000000ff580000, 0x00000000ff580000)
  object space 22016K, 0% used [0x00000000fe000000,0x00000000fe000000,0x00000000ff580000)
 Metaspace       used 7433K, capacity 7662K, committed 7936K, reserved 1056768K
  class space    used 841K, capacity 939K, committed 1024K, reserved 1048576K
Event: 6.005 GC heap after
Heap after GC invocations=1 (full 0):
 PSYoungGen      total 9728K, used 1021K [0x00000000ff580000, 0x0000000100000000, 0x0000000100000000)
  eden space 8704K, 0% used [0x00000000ff580000,0x00000000ff580000,0x00000000ffe00000)
  from space 1024K, 99% used [0x00000000ffe00000,0x00000000ffeff430,0x00000000fff00000)
  to   space 1024K, 0% used [0x00000000fff00000,0x00000000fff00000,0x0000000100000000)
 ParOldGen       total 22016K, used 1178K [0x00000000fe000000, 0x00000000ff580000, 0x00000000ff580000)
  object space 22016K, 5% used [0x00000000fe000000,0x00000000fe126b90,0x00000000ff580000)
 Metaspace       used 7433K, capacity 7662K, committed 7936K, reserved 1056768K
  class space    used 841K, capacity 939K, committed 1024K, reserved 1048576K
}
Event: 9.586 GC heap before
{Heap before GC invocations=2 (full 0):
 PSYoungGen      total 9728K, used 9725K [0x00000000ff580000, 0x0000000100000000, 0x0000000100000000)
  eden space 8704K, 100% used [0x00000000ff580000,0x00000000ffe00000,0x00000000ffe00000)
  from space 1024K, 99% used [0x00000000ffe00000,0x00000000ffeff430,0x00000000fff00000)
  to   space 1024K, 0% used [0x00000000fff00000,0x00000000fff00000,0x0000000100000000)
 ParOldGen       total 22016K, used 1178K [0x00000000fe000000, 0x00000000ff580000, 0x00000000ff580000)
  object space 22016K, 5% used [0x00000000fe000000,0x00000000fe126b90,0x00000000ff580000)
 Metaspace       used 11180K, capacity 11440K, committed 11648K, reserved 1058816K
  class space    used 1287K, capacity 1388K, committed 1408K, reserved 1048576K
Event: 9.682 GC heap after
Heap after GC invocations=2 (full 0):
 PSYoungGen      total 9728K, used 992K [0x00000000ff580000, 0x0000000100000000, 0x0000000100000000)
  eden space 8704K, 0% used [0x00000000ff580000,0x00000000ff580000,0x00000000ffe00000)
  from space 1024K, 96% used [0x00000000fff00000,0x00000000ffff8020,0x0000000100000000)
  to   space 1024K, 0% used [0x00000000ffe00000,0x00000000ffe00000,0x00000000fff00000)
 ParOldGen       total 22016K, used 3736K [0x00000000fe000000, 0x00000000ff580000, 0x00000000ff580000)
  object space 22016K, 16% used [0x00000000fe000000,0x00000000fe3a6270,0x00000000ff580000)
 Metaspace       used 11180K, capacity 11440K, committed 11648K, reserved 1058816K
  class space    used 1287K, capacity 1388K, committed 1408K, reserved 1048576K
}
Event: 14.284 GC heap before
{Heap before GC invocations=3 (full 0):
 PSYoungGen      total 9728K, used 9696K [0x00000000ff580000, 0x0000000100000000, 0x0000000100000000)
  eden space 8704K, 100% used [0x00000000ff580000,0x00000000ffe00000,0x00000000ffe00000)
  from space 1024K, 96% used [0x00000000fff00000,0x00000000ffff8020,0x0000000100000000)
  to   space 1024K, 0% used [0x00000000ffe00000,0x00000000ffe00000,0x00000000fff00000)
 ParOldGen       total 22016K, used 3736K [0x00000000fe000000, 0x00000000ff580000, 0x00000000ff580000)
  object space 22016K, 16% used [0x00000000fe000000,0x00000000fe3a6270,0x00000000ff580000)
 Metaspace       used 14167K, capacity 14438K, committed 14592K, reserved 1062912K
  class space    used 1648K, capacity 1749K, committed 1792K, reserved 1048576K
Event: 14.404 GC heap after
Heap after GC invocations=3 (full 0):
 PSYoungGen      total 9728K, used 1024K [0x00000000ff580000, 0x0000000100000000, 0x0000000100000000)
  eden space 8704K, 0% used [0x00000000ff580000,0x00000000ff580000,0x00000000ffe00000)
  from space 1024K, 100% used [0x00000000ffe00000,0x00000000fff00000,0x00000000fff00000)
  to   space 1024K, 0% used [0x00000000fff00000,0x00000000fff00000,0x0000000100000000)
 ParOldGen       total 22016K, used 5510K [0x00000000fe000000, 0x00000000ff580000, 0x00000000ff580000)
  object space 22016K, 25% used [0x00000000fe000000,0x00000000fe561a88,0x00000000ff580000)
 Metaspace       used 14167K, capacity 14438K, committed 14592K, reserved 1062912K
  class space    used 1648K, capacity 1749K, committed 1792K, reserved 1048576K
}
Event: 19.078 GC heap before
{Heap before GC invocations=4 (full 0):
 PSYoungGen      total 9728K, used 9728K [0x00000000ff580000, 0x0000000100000000, 0x0000000100000000)
  eden space 8704K, 100% used [0x00000000ff580000,0x00000000ffe00000,0x00000000ffe00000)
  from space 1024K, 100% used [0x00000000ffe00000,0x00000000fff00000,0x00000000fff00000)
  to   space 1024K, 0% used [0x00000000fff00000,0x00000000fff00000,0x0000000100000000)
 ParOldGen       total 22016K, used 5510K [0x00000000fe000000, 0x00000000ff580000, 0x00000000ff580000)
  object space 22016K, 25% used [0x00000000fe000000,0x00000000fe561a88,0x00000000ff580000)
 Metaspace       used 17695K, capacity 17964K, committed 18304K, reserved 1064960K
  class space    used 2038K, capacity 2146K, committed 2176K, reserved 1048576K
Event: 19.187 GC heap after
Heap after GC invocations=4 (full 0):
 PSYoungGen      total 9728K, used 1024K [0x00000000ff580000, 0x0000000100000000, 0x0000000100000000)
  eden space 8704K, 0% used [0x00000000ff580000,0x00000000ff580000,0x00000000ffe00000)
  from space 1024K, 100% used [0x00000000fff00000,0x0000000100000000,0x0000000100000000)
  to   space 1024K, 0% used [0x00000000ffe00000,0x00000000ffe00000,0x00000000fff00000)
 ParOldGen       total 22016K, used 6916K [0x00000000fe000000, 0x00000000ff580000, 0x00000000ff580000)
  object space 22016K, 31% used [0x00000000fe000000,0x00000000fe6c13d8,0x00000000ff580000)
 Metaspace       used 17695K, capacity 17964K, committed 18304K, reserved 1064960K
  class space    used 2038K, capacity 2146K, committed 2176K, reserved 1048576K
}

